<?xml version="1.0" encoding="UTF-8"?>
<!-- Generated by org.testng.reporters.JUnitReportReporter -->
<testsuite skipped="0" hostname="DESKTOP-DL8U1DL" name="com.dolibar.Testcases.LoginPageTest" tests="2" failures="0" timestamp="08 Mar 2018 14:46:34 GMT" time="42.673" errors="0">
  <testcase name="loginPageLogo" time="22.042" classname="com.dolibar.Testcases.LoginPageTest"/>
  <testcase name="LoginTest" time="20.631" classname="com.dolibar.Testcases.LoginPageTest"/>
</testsuite> <!-- com.dolibar.Testcases.LoginPageTest -->
