<?xml version="1.0" encoding="UTF-8"?>
<!-- Generated by org.testng.reporters.JUnitReportReporter -->
<testsuite skipped="0" hostname="DESKTOP-DL8U1DL" name="com.dolibar.Testcases.AddProposalTestPage" tests="1" failures="0" timestamp="08 Mar 2018 07:49:57 GMT" time="41.130" errors="0">
  <testcase name="ValidateCustomerProposalPage" time="41.130" classname="com.dolibar.Testcases.AddProposalTestPage"/>
</testsuite> <!-- com.dolibar.Testcases.AddProposalTestPage -->
