<?xml version="1.0" encoding="UTF-8"?>
<!-- Generated by org.testng.reporters.JUnitReportReporter -->
<testsuite skipped="0" hostname="DESKTOP-DL8U1DL" name="com.dolibar.Testcases.ValidateContractTestPage" tests="1" failures="0" timestamp="08 Mar 2018 11:05:42 GMT" time="16.554" errors="0">
  <testcase name="ValidateClickonValidateButton" time="16.554" classname="com.dolibar.Testcases.ValidateContractTestPage"/>
</testsuite> <!-- com.dolibar.Testcases.ValidateContractTestPage -->
