<?xml version="1.0" encoding="UTF-8"?>
<!-- Generated by org.testng.reporters.JUnitReportReporter -->
<testsuite skipped="0" hostname="DESKTOP-DL8U1DL" name="com.dolibar.Testcases.PointofContactTestPage" tests="1" failures="0" timestamp="06 Mar 2018 15:17:40 GMT" time="28.591" errors="0">
  <testcase name="validateCreateNewPointOfcontact" time="28.591" classname="com.dolibar.Testcases.PointofContactTestPage"/>
</testsuite> <!-- com.dolibar.Testcases.PointofContactTestPage -->
