<?xml version="1.0" encoding="UTF-8"?>
<!-- Generated by org.testng.reporters.JUnitReportReporter -->
<testsuite skipped="0" hostname="DESKTOP-DL8U1DL" name="com.dolibar.Testcases.ValidateServicesofContractTestPage" tests="1" failures="0" timestamp="08 Mar 2018 12:23:35 GMT" time="21.576" errors="0">
  <testcase name="ValidateCloseExpiredService" time="21.576" classname="com.dolibar.Testcases.ValidateServicesofContractTestPage"/>
</testsuite> <!-- com.dolibar.Testcases.ValidateServicesofContractTestPage -->
