<?xml version="1.0" encoding="UTF-8"?>
<!-- Generated by org.testng.reporters.JUnitReportReporter -->
<testsuite skipped="0" hostname="DESKTOP-DL8U1DL" name="com.dolibar.Testcases.DolibarHomePageTest" tests="13" failures="0" timestamp="08 Mar 2018 14:46:34 GMT" time="180.632" errors="0">
  <testcase name="homePageTitleTest" time="12.361" classname="com.dolibar.Testcases.DolibarHomePageTest"/>
  <testcase name="homePagelinkTest" time="12.081" classname="com.dolibar.Testcases.DolibarHomePageTest"/>
  <testcase name="ThirdPartiesPageTest" time="13.028" classname="com.dolibar.Testcases.DolibarHomePageTest"/>
  <testcase name="CommercialPageTest" time="15.238" classname="com.dolibar.Testcases.DolibarHomePageTest"/>
  <testcase name="DocumentsPageTest" time="16.501" classname="com.dolibar.Testcases.DolibarHomePageTest"/>
  <testcase name="FinancialPageTest" time="13.986" classname="com.dolibar.Testcases.DolibarHomePageTest"/>
  <testcase name="AgendaPageTest" time="12.059" classname="com.dolibar.Testcases.DolibarHomePageTest"/>
  <testcase name="BankCashPageTest" time="13.129" classname="com.dolibar.Testcases.DolibarHomePageTest"/>
  <testcase name="HolidaysPageTest" time="13.807" classname="com.dolibar.Testcases.DolibarHomePageTest"/>
  <testcase name="MembersPageTest" time="13.713" classname="com.dolibar.Testcases.DolibarHomePageTest"/>
  <testcase name="PointOfSalePageTest" time="20.135" classname="com.dolibar.Testcases.DolibarHomePageTest"/>
  <testcase name="ProductServicesPageTest" time="11.907" classname="com.dolibar.Testcases.DolibarHomePageTest"/>
  <testcase name="ProjectsPageTest" time="12.687" classname="com.dolibar.Testcases.DolibarHomePageTest"/>
</testsuite> <!-- com.dolibar.Testcases.DolibarHomePageTest -->
