<?xml version="1.0" encoding="UTF-8"?>
<!-- Generated by org.testng.reporters.JUnitReportReporter -->
<testsuite skipped="0" hostname="DESKTOP-DL8U1DL" name="com.dolibar.Testcases.ThirdPartiesPageTest" tests="1" failures="0" timestamp="06 Mar 2018 13:17:28 GMT" time="27.674" errors="0">
  <testcase name="ValidateCreateNewCustomer" time="27.674" classname="com.dolibar.Testcases.ThirdPartiesPageTest"/>
</testsuite> <!-- com.dolibar.Testcases.ThirdPartiesPageTest -->
