<?xml version="1.0" encoding="UTF-8"?>
<!-- Generated by org.testng.reporters.JUnitReportReporter -->
<testsuite skipped="0" hostname="DESKTOP-DL8U1DL" name="com.dolibar.Testcases.AddContractTestPage" tests="1" failures="0" timestamp="08 Mar 2018 10:02:28 GMT" time="28.522" errors="0">
  <testcase name="ValidateCreateContractPage" time="28.522" classname="com.dolibar.Testcases.AddContractTestPage"/>
</testsuite> <!-- com.dolibar.Testcases.AddContractTestPage -->
