<?xml version="1.0" encoding="UTF-8"?>
<!-- Generated by org.testng.reporters.JUnitReportReporter -->
<testsuite skipped="0" hostname="DESKTOP-DL8U1DL" name="com.dolibar.Testcases.AddPriceDetailsAndValidateTestPage" tests="1" failures="0" timestamp="08 Mar 2018 08:52:52 GMT" time="35.875" errors="0">
  <testcase name="ValidateProsalPage" time="35.875" classname="com.dolibar.Testcases.AddPriceDetailsAndValidateTestPage"/>
</testsuite> <!-- com.dolibar.Testcases.AddPriceDetailsAndValidateTestPage -->
