<?xml version="1.0" encoding="UTF-8"?>
<!-- Generated by org.testng.reporters.JUnitReportReporter -->
<testsuite skipped="0" hostname="DESKTOP-DL8U1DL" name="com.dolibar.Testcases.CloseProposalWithSignedTestPage" tests="1" failures="0" timestamp="08 Mar 2018 09:13:09 GMT" time="21.260" errors="0">
  <testcase name="CloseWithSignedStatus" time="21.260" classname="com.dolibar.Testcases.CloseProposalWithSignedTestPage"/>
</testsuite> <!-- com.dolibar.Testcases.CloseProposalWithSignedTestPage -->
